<?xml version="1.0" encoding="UTF-8"?>
<testsuite xmlns:xsi="http://www.w3.org/2001/XMLSchema-instance" xsi:noNamespaceSchemaLocation="https://maven.apache.org/surefire/maven-surefire-plugin/xsd/surefire-test-report.xsd" name="io.jenkins.plugins.sample.HelloWorldBuilderTest" time="125.633" tests="5" errors="0" skipped="0" failures="0">
  <properties>
[...]
</properties>
  <testcase name="testBuild" classname="io.jenkins.plugins.sample.HelloWorldBuilderTest" time="4.693"/>
  <testcase name="testConfigRoundtrip" classname="io.jenkins.plugins.sample.HelloWorldBuilderTest" time="56.146"/>
  <testcase name="testConfigRoundtripFrench" classname="io.jenkins.plugins.sample.HelloWorldBuilderTest" time="38.396"/>
  <testcase name="testBuildFrench" classname="io.jenkins.plugins.sample.HelloWorldBuilderTest" time="3.132"/>
  <testcase name="testScriptedPipeline" classname="io.jenkins.plugins.sample.HelloWorldBuilderTest" time="23.248"/>
</testsuite>